\BOOKMARK [1][-]{section.1}{\376\377\000L\000a\000T\000e\000X\000\040\000P\000o\000i\000n\000t\000\040\000a\000n\000d\000\040\000T\000e\000m\000p\000l\000a\000t\000e\000\040\000A\000l\000i\000g\000n\000m\000e\000n\000t}{}% 1
\BOOKMARK [1][-]{section.2}{\376\377\000C\000o\000n\000v\000o\000l\000u\000t\000i\000o\000n\000a\000l\000\040\000N\000e\000u\000r\000a\000l\000\040\000N\000e\000t\000w\000o\000r\000k}{}% 2
\BOOKMARK [1][-]{section.3}{\376\377\000R\000e\000c\000u\000r\000r\000e\000n\000t\000\040\000N\000e\000u\000r\000a\000l\000\040\000N\000e\000t\000w\000o\000r\000k}{}% 3
\BOOKMARK [1][-]{section.4}{\376\377\000T\000r\000a\000n\000s\000f\000o\000r\000m\000e\000r\000s\000\040\000a\000n\000d\000\040\000A\000u\000t\000o\000D\000i\000f\000f}{}% 4
\BOOKMARK [1][-]{section.5}{\376\377\000E\000m\000p\000i\000r\000i\000c\000a\000l\000\040\000Q\000u\000e\000s\000t\000i\000o\000n\000s}{}% 5
\BOOKMARK [1][-]{section.6}{\376\377\000C\000o\000l\000l\000a\000b\000o\000r\000a\000t\000i\000o\000n\000\040\000Q\000u\000e\000s\000t\000i\000o\000n\000s}{}% 6
\BOOKMARK [1][-]{section.7}{\376\377\000P\000r\000o\000g\000r\000a\000m\000m\000i\000n\000g\000:\000\040\000L\000a\000n\000g\000u\000a\000g\000e\000\040\000M\000o\000d\000e\000l\000i\000n\000g\000\040\000\050\0005\0005\000\040\000p\000o\000i\000n\000t\000s\000\051}{}% 7
\BOOKMARK [2][-]{subsection.7.1}{\376\377\000L\000i\000b\000r\000a\000r\000i\000e\000s\000\040\000\050\000I\000M\000P\000O\000R\000T\000A\000N\000T\000\051}{section.7}% 8
\BOOKMARK [2][-]{subsection.7.2}{\376\377\000T\000h\000e\000\040\000T\000a\000s\000k}{section.7}% 9
\BOOKMARK [2][-]{subsection.7.3}{\376\377\000T\000h\000e\000\040\000D\000a\000t\000a\000s\000e\000t}{section.7}% 10
\BOOKMARK [3][-]{subsubsection.7.3.1}{\376\377\000T\000o\000k\000e\000n\000i\000z\000a\000t\000i\000o\000n}{subsection.7.3}% 11
\BOOKMARK [2][-]{subsection.7.4}{\376\377\000R\000e\000q\000u\000i\000r\000e\000d\000\040\000R\000e\000a\000d\000i\000n\000g\000:\000\040\000P\000y\000T\000o\000r\000c\000h\000\040\000T\000u\000t\000o\000r\000i\000a\000l}{section.7}% 12
\BOOKMARK [2][-]{subsection.7.5}{\376\377\000M\000o\000d\000e\000l\000\040\000D\000e\000f\000i\000n\000i\000t\000i\000o\000n}{section.7}% 13
\BOOKMARK [3][-]{subsubsection.7.5.1}{\376\377\000R\000N\000N\000\040\000C\000e\000l\000l}{subsection.7.5}% 14
\BOOKMARK [3][-]{subsubsection.7.5.2}{\376\377\000S\000e\000l\000f\000-\000A\000t\000t\000e\000n\000t\000i\000o\000n}{subsection.7.5}% 15
\BOOKMARK [3][-]{subsubsection.7.5.3}{\376\377\000R\000N\000N}{subsection.7.5}% 16
\BOOKMARK [3][-]{subsubsection.7.5.4}{\376\377\000R\000N\000N\000\040\000L\000a\000n\000g\000u\000a\000g\000e\000\040\000M\000o\000d\000e\000l}{subsection.7.5}% 17
\BOOKMARK [2][-]{subsection.7.6}{\376\377\000T\000r\000a\000i\000n\000i\000n\000g\000\040\000a\000n\000d\000\040\000E\000v\000a\000l\000u\000a\000t\000i\000o\000n}{section.7}% 18
\BOOKMARK [2][-]{subsection.7.7}{\376\377\000T\000e\000x\000t\000\040\000G\000e\000n\000e\000r\000a\000t\000i\000o\000n}{section.7}% 19
\BOOKMARK [2][-]{subsection.7.8}{\376\377\000C\000o\000m\000m\000a\000n\000d\000\040\000L\000i\000n\000e\000\040\000A\000r\000g\000u\000m\000e\000n\000t\000s}{section.7}% 20
\BOOKMARK [2][-]{subsection.7.9}{\376\377\000O\000u\000t\000p\000u\000t\000s\000\040\000a\000n\000d\000\040\000T\000e\000s\000t\000s}{section.7}% 21
\BOOKMARK [2][-]{subsection.7.10}{\376\377\000G\000r\000a\000d\000e\000s\000c\000o\000p\000e\000\040\000S\000u\000b\000m\000i\000s\000s\000i\000o\000n}{section.7}% 22
